c:\users\u1654523\c++ game\platformer 20317\platformercollisionsdone\platformer\debug\platformer.pch
c:\users\u1654523\c++ game\platformer 20317\platformercollisionsdone\platformer\debug\vc140.pdb
c:\users\u1654523\c++ game\platformer 20317\platformercollisionsdone\platformer\debug\vc140.idb
c:\users\u1654523\c++ game\platformer 20317\platformercollisionsdone\platformer\debug\pch.obj
c:\users\u1654523\c++ game\platformer 20317\platformercollisionsdone\platformer\debug\collisionbox.obj
c:\users\u1654523\c++ game\platformer 20317\platformercollisionsdone\platformer\debug\deviceresources.obj
c:\users\u1654523\c++ game\platformer 20317\platformercollisionsdone\platformer\debug\game.obj
c:\users\u1654523\c++ game\platformer 20317\platformercollisionsdone\platformer\debug\gameboard.obj
c:\users\u1654523\c++ game\platformer 20317\platformercollisionsdone\platformer\debug\gamecontroller.obj
c:\users\u1654523\c++ game\platformer 20317\platformercollisionsdone\platformer\debug\entity.obj
c:\users\u1654523\c++ game\platformer 20317\platformercollisionsdone\platformer\debug\main.obj
c:\users\u1654523\c++ game\platformer 20317\platformercollisionsdone\platformer\debug\player.obj
c:\users\u1654523\c++ game\platformer 20317\platformercollisionsdone\platformer\debug\spriteresources.obj
c:\users\u1654523\c++ game\platformer 20317\platformercollisionsdone\platformer\debug\tile.obj
c:\users\u1654523\c++ game\platformer 20317\platformercollisionsdone\platformer\debug\troll.obj
c:\users\u1654523\c++ game\platformer 20317\platformercollisionsdone\debug\platformer.ilk
c:\users\u1654523\c++ game\platformer 20317\platformercollisionsdone\debug\platformer.exe
c:\users\u1654523\c++ game\platformer 20317\platformercollisionsdone\debug\platformer.pdb
c:\users\u1654523\c++ game\platformer 20317\platformercollisionsdone\debug\platformer.lib
c:\users\u1654523\c++ game\platformer 20317\platformercollisionsdone\debug\platformer.exp
c:\users\u1654523\c++ game\platformer 20317\platformercollisionsdone\platformer\debug\resource.res
c:\users\u1654523\c++ game\platformer 20317\platformercollisionsdone\platformer\debug\platformer.exe.embed.manifest.res
c:\users\u1654523\c++ game\platformer 20317\platformercollisionsdone\platformer\debug\platformer.exe.embed.manifest
c:\users\u1654523\c++ game\platformer 20317\platformercollisionsdone\platformer\debug\platformer_manifest.rc
c:\users\u1654523\c++ game\platformer 20317\platformercollisionsdone\platformer\debug\platformer.tlog\cl.command.1.tlog
c:\users\u1654523\c++ game\platformer 20317\platformercollisionsdone\platformer\debug\platformer.tlog\cl.read.1.tlog
c:\users\u1654523\c++ game\platformer 20317\platformercollisionsdone\platformer\debug\platformer.tlog\cl.write.1.tlog
c:\users\u1654523\c++ game\platformer 20317\platformercollisionsdone\platformer\debug\platformer.tlog\link.command.1.tlog
c:\users\u1654523\c++ game\platformer 20317\platformercollisionsdone\platformer\debug\platformer.tlog\link.read.1.tlog
c:\users\u1654523\c++ game\platformer 20317\platformercollisionsdone\platformer\debug\platformer.tlog\link.write.1.tlog
c:\users\u1654523\c++ game\platformer 20317\platformercollisionsdone\platformer\debug\platformer.tlog\platformer.write.1u.tlog
c:\users\u1654523\c++ game\platformer 20317\platformercollisionsdone\platformer\debug\platformer.tlog\rc.command.1.tlog
c:\users\u1654523\c++ game\platformer 20317\platformercollisionsdone\platformer\debug\platformer.tlog\rc.read.1.tlog
c:\users\u1654523\c++ game\platformer 20317\platformercollisionsdone\platformer\debug\platformer.tlog\rc.write.1.tlog
